<?xml version="1.0" encoding="UTF-8"?>
<!-- Generated by org.testng.reporters.JUnitReportReporter -->
<testsuite hostname="USPL-331" failures="0" tests="1" name="Create_Emp.main" time="0.517" errors="0" timestamp="2025-04-25T15:04:24 IST" skipped="0">
  <testcase classname="Create_Emp.main" name="HrLogin" time="0.517"/>
</testsuite> <!-- Create_Emp.main -->
